08-17 11:41:50.271 INFO  o.s.scheduling.concurrent.ThreadPoolTaskExecutor - Shutting down ExecutorService 'applicationTaskExecutor'
08-17 11:41:55.175 INFO  com.zhaouri.applelogin.DemoApplication - Starting DemoApplication on lifevcs-MacBook-Pro.local with PID 64568 (/Users/lifevc/Desktop/AppleLogin-java/applelogin/target/classes started by lifevc in /Users/lifevc/Desktop/AppleLogin-java/applelogin)
08-17 11:41:55.177 INFO  com.zhaouri.applelogin.DemoApplication - No active profile set, falling back to default profiles: default
08-17 11:41:55.223 INFO  o.s.boot.devtools.restart.ChangeableUrls - The Class-Path manifest attribute in /Users/lifevc/.m2/repository/com/sun/xml/bind/jaxb-impl/2.3.0/jaxb-impl-2.3.0.jar referenced one or more files that do not exist: file:/Users/lifevc/.m2/repository/com/sun/xml/bind/jaxb-impl/2.3.0/jaxb-core.jar
08-17 11:41:55.225 INFO  o.s.boot.devtools.restart.ChangeableUrls - The Class-Path manifest attribute in /Users/lifevc/.m2/repository/com/sun/xml/bind/jaxb-core/2.3.0/jaxb-core-2.3.0.jar referenced one or more files that do not exist: file:/Users/lifevc/.m2/repository/com/sun/xml/bind/jaxb-core/2.3.0/jaxb-api.jar
08-17 11:41:55.225 INFO  o.s.b.d.env.DevToolsPropertyDefaultsPostProcessor - Devtools property defaults active! Set 'spring.devtools.add-properties' to 'false' to disable
08-17 11:41:55.225 INFO  o.s.b.d.env.DevToolsPropertyDefaultsPostProcessor - For additional web related logging consider setting the 'logging.level.web' property to 'DEBUG'
08-17 11:41:55.951 INFO  o.s.boot.web.embedded.tomcat.TomcatWebServer - Tomcat initialized with port(s): 8088 (http)
08-17 11:41:55.958 INFO  org.apache.coyote.http11.Http11NioProtocol - Initializing ProtocolHandler ["http-nio-8088"]
08-17 11:41:55.958 INFO  org.apache.catalina.core.StandardService - Starting service [Tomcat]
08-17 11:41:55.958 INFO  org.apache.catalina.core.StandardEngine - Starting Servlet engine: [Apache Tomcat/9.0.27]
08-17 11:41:56.007 INFO  o.a.c.core.ContainerBase.[Tomcat].[localhost].[/] - Initializing Spring embedded WebApplicationContext
08-17 11:41:56.007 INFO  org.springframework.web.context.ContextLoader - Root WebApplicationContext: initialization completed in 782 ms
08-17 11:41:56.137 INFO  o.s.scheduling.concurrent.ThreadPoolTaskExecutor - Initializing ExecutorService 'applicationTaskExecutor'
08-17 11:41:56.246 INFO  o.s.b.d.autoconfigure.OptionalLiveReloadServer - LiveReload server is running on port 35729
08-17 11:41:56.277 INFO  org.apache.coyote.http11.Http11NioProtocol - Starting ProtocolHandler ["http-nio-8088"]
08-17 11:41:56.294 INFO  o.s.boot.web.embedded.tomcat.TomcatWebServer - Tomcat started on port(s): 8088 (http) with context path ''
08-17 11:41:56.298 INFO  com.zhaouri.applelogin.DemoApplication - Started DemoApplication in 1.547 seconds (JVM running for 2.442)
08-17 11:41:59.235 INFO  o.a.c.core.ContainerBase.[Tomcat].[localhost].[/] - Initializing Spring DispatcherServlet 'dispatcherServlet'
08-17 11:41:59.236 INFO  org.springframework.web.servlet.DispatcherServlet - Initializing Servlet 'dispatcherServlet'
08-17 11:41:59.245 INFO  org.springframework.web.servlet.DispatcherServlet - Completed initialization in 8 ms
08-17 11:42:47.916 INFO  o.s.scheduling.concurrent.ThreadPoolTaskExecutor - Shutting down ExecutorService 'applicationTaskExecutor'
08-17 11:42:51.806 INFO  com.zhaouri.applelogin.DemoApplication - Starting DemoApplication on lifevcs-MacBook-Pro.local with PID 64592 (/Users/lifevc/Desktop/AppleLogin-java/applelogin/target/classes started by lifevc in /Users/lifevc/Desktop/AppleLogin-java/applelogin)
08-17 11:42:51.808 INFO  com.zhaouri.applelogin.DemoApplication - No active profile set, falling back to default profiles: default
08-17 11:42:51.859 INFO  o.s.boot.devtools.restart.ChangeableUrls - The Class-Path manifest attribute in /Users/lifevc/.m2/repository/com/sun/xml/bind/jaxb-impl/2.3.0/jaxb-impl-2.3.0.jar referenced one or more files that do not exist: file:/Users/lifevc/.m2/repository/com/sun/xml/bind/jaxb-impl/2.3.0/jaxb-core.jar
08-17 11:42:51.859 INFO  o.s.boot.devtools.restart.ChangeableUrls - The Class-Path manifest attribute in /Users/lifevc/.m2/repository/com/sun/xml/bind/jaxb-core/2.3.0/jaxb-core-2.3.0.jar referenced one or more files that do not exist: file:/Users/lifevc/.m2/repository/com/sun/xml/bind/jaxb-core/2.3.0/jaxb-api.jar
08-17 11:42:51.862 INFO  o.s.b.d.env.DevToolsPropertyDefaultsPostProcessor - Devtools property defaults active! Set 'spring.devtools.add-properties' to 'false' to disable
08-17 11:42:51.862 INFO  o.s.b.d.env.DevToolsPropertyDefaultsPostProcessor - For additional web related logging consider setting the 'logging.level.web' property to 'DEBUG'
08-17 11:42:52.604 INFO  o.s.boot.web.embedded.tomcat.TomcatWebServer - Tomcat initialized with port(s): 8088 (http)
08-17 11:42:52.610 INFO  org.apache.coyote.http11.Http11NioProtocol - Initializing ProtocolHandler ["http-nio-8088"]
08-17 11:42:52.611 INFO  org.apache.catalina.core.StandardService - Starting service [Tomcat]
08-17 11:42:52.611 INFO  org.apache.catalina.core.StandardEngine - Starting Servlet engine: [Apache Tomcat/9.0.27]
08-17 11:42:52.662 INFO  o.a.c.core.ContainerBase.[Tomcat].[localhost].[/] - Initializing Spring embedded WebApplicationContext
08-17 11:42:52.663 INFO  org.springframework.web.context.ContextLoader - Root WebApplicationContext: initialization completed in 801 ms
08-17 11:42:52.787 INFO  o.s.scheduling.concurrent.ThreadPoolTaskExecutor - Initializing ExecutorService 'applicationTaskExecutor'
08-17 11:42:52.894 INFO  o.s.b.d.autoconfigure.OptionalLiveReloadServer - LiveReload server is running on port 35729
08-17 11:42:52.925 INFO  org.apache.coyote.http11.Http11NioProtocol - Starting ProtocolHandler ["http-nio-8088"]
08-17 11:42:52.942 INFO  o.s.boot.web.embedded.tomcat.TomcatWebServer - Tomcat started on port(s): 8088 (http) with context path ''
08-17 11:42:52.946 INFO  com.zhaouri.applelogin.DemoApplication - Started DemoApplication in 1.498 seconds (JVM running for 2.168)
08-17 11:43:03.107 INFO  o.a.c.core.ContainerBase.[Tomcat].[localhost].[/] - Initializing Spring DispatcherServlet 'dispatcherServlet'
08-17 11:43:03.108 INFO  org.springframework.web.servlet.DispatcherServlet - Initializing Servlet 'dispatcherServlet'
08-17 11:43:03.114 INFO  org.springframework.web.servlet.DispatcherServlet - Completed initialization in 5 ms
08-17 11:51:57.000 INFO  o.s.scheduling.concurrent.ThreadPoolTaskExecutor - Shutting down ExecutorService 'applicationTaskExecutor'
08-17 11:52:26.250 INFO  com.zhaouri.applelogin.DemoApplication - Starting DemoApplication on lifevcs-MacBook-Pro.local with PID 64772 (/Users/lifevc/Desktop/AppleLogin-java/applelogin/target/classes started by lifevc in /Users/lifevc/Desktop/AppleLogin-java/applelogin)
08-17 11:52:26.252 INFO  com.zhaouri.applelogin.DemoApplication - No active profile set, falling back to default profiles: default
08-17 11:52:26.305 INFO  o.s.boot.devtools.restart.ChangeableUrls - The Class-Path manifest attribute in /Users/lifevc/.m2/repository/com/sun/xml/bind/jaxb-impl/2.3.0/jaxb-impl-2.3.0.jar referenced one or more files that do not exist: file:/Users/lifevc/.m2/repository/com/sun/xml/bind/jaxb-impl/2.3.0/jaxb-core.jar
08-17 11:52:26.305 INFO  o.s.boot.devtools.restart.ChangeableUrls - The Class-Path manifest attribute in /Users/lifevc/.m2/repository/com/sun/xml/bind/jaxb-core/2.3.0/jaxb-core-2.3.0.jar referenced one or more files that do not exist: file:/Users/lifevc/.m2/repository/com/sun/xml/bind/jaxb-core/2.3.0/jaxb-api.jar
08-17 11:52:26.307 INFO  o.s.b.d.env.DevToolsPropertyDefaultsPostProcessor - Devtools property defaults active! Set 'spring.devtools.add-properties' to 'false' to disable
08-17 11:52:26.308 INFO  o.s.b.d.env.DevToolsPropertyDefaultsPostProcessor - For additional web related logging consider setting the 'logging.level.web' property to 'DEBUG'
08-17 11:52:27.229 INFO  o.s.boot.web.embedded.tomcat.TomcatWebServer - Tomcat initialized with port(s): 8088 (http)
08-17 11:52:27.237 INFO  org.apache.coyote.http11.Http11NioProtocol - Initializing ProtocolHandler ["http-nio-8088"]
08-17 11:52:27.238 INFO  org.apache.catalina.core.StandardService - Starting service [Tomcat]
08-17 11:52:27.239 INFO  org.apache.catalina.core.StandardEngine - Starting Servlet engine: [Apache Tomcat/9.0.27]
08-17 11:52:27.299 INFO  o.a.c.core.ContainerBase.[Tomcat].[localhost].[/] - Initializing Spring embedded WebApplicationContext
08-17 11:52:27.300 INFO  org.springframework.web.context.ContextLoader - Root WebApplicationContext: initialization completed in 992 ms
08-17 11:52:27.446 INFO  o.s.scheduling.concurrent.ThreadPoolTaskExecutor - Initializing ExecutorService 'applicationTaskExecutor'
08-17 11:52:27.573 INFO  o.s.b.d.autoconfigure.OptionalLiveReloadServer - LiveReload server is running on port 35729
08-17 11:52:27.613 INFO  org.apache.coyote.http11.Http11NioProtocol - Starting ProtocolHandler ["http-nio-8088"]
08-17 11:52:27.631 INFO  o.s.boot.web.embedded.tomcat.TomcatWebServer - Tomcat started on port(s): 8088 (http) with context path ''
08-17 11:52:27.636 INFO  com.zhaouri.applelogin.DemoApplication - Started DemoApplication in 1.867 seconds (JVM running for 2.87)
08-17 11:52:36.537 INFO  o.a.c.core.ContainerBase.[Tomcat].[localhost].[/] - Initializing Spring DispatcherServlet 'dispatcherServlet'
08-17 11:52:36.541 INFO  org.springframework.web.servlet.DispatcherServlet - Initializing Servlet 'dispatcherServlet'
08-17 11:52:36.549 INFO  org.springframework.web.servlet.DispatcherServlet - Completed initialization in 8 ms
08-17 11:53:12.611 INFO  o.s.scheduling.concurrent.ThreadPoolTaskExecutor - Shutting down ExecutorService 'applicationTaskExecutor'
08-17 11:53:17.835 INFO  com.zhaouri.applelogin.DemoApplication - Starting DemoApplication on lifevcs-MacBook-Pro.local with PID 64790 (/Users/lifevc/Desktop/AppleLogin-java/applelogin/target/classes started by lifevc in /Users/lifevc/Desktop/AppleLogin-java/applelogin)
08-17 11:53:17.837 INFO  com.zhaouri.applelogin.DemoApplication - No active profile set, falling back to default profiles: default
08-17 11:53:17.888 INFO  o.s.boot.devtools.restart.ChangeableUrls - The Class-Path manifest attribute in /Users/lifevc/.m2/repository/com/sun/xml/bind/jaxb-impl/2.3.0/jaxb-impl-2.3.0.jar referenced one or more files that do not exist: file:/Users/lifevc/.m2/repository/com/sun/xml/bind/jaxb-impl/2.3.0/jaxb-core.jar
08-17 11:53:17.888 INFO  o.s.boot.devtools.restart.ChangeableUrls - The Class-Path manifest attribute in /Users/lifevc/.m2/repository/com/sun/xml/bind/jaxb-core/2.3.0/jaxb-core-2.3.0.jar referenced one or more files that do not exist: file:/Users/lifevc/.m2/repository/com/sun/xml/bind/jaxb-core/2.3.0/jaxb-api.jar
08-17 11:53:17.891 INFO  o.s.b.d.env.DevToolsPropertyDefaultsPostProcessor - Devtools property defaults active! Set 'spring.devtools.add-properties' to 'false' to disable
08-17 11:53:17.892 INFO  o.s.b.d.env.DevToolsPropertyDefaultsPostProcessor - For additional web related logging consider setting the 'logging.level.web' property to 'DEBUG'
08-17 11:53:18.704 INFO  o.s.boot.web.embedded.tomcat.TomcatWebServer - Tomcat initialized with port(s): 8088 (http)
08-17 11:53:18.711 INFO  org.apache.coyote.http11.Http11NioProtocol - Initializing ProtocolHandler ["http-nio-8088"]
08-17 11:53:18.711 INFO  org.apache.catalina.core.StandardService - Starting service [Tomcat]
08-17 11:53:18.711 INFO  org.apache.catalina.core.StandardEngine - Starting Servlet engine: [Apache Tomcat/9.0.27]
08-17 11:53:18.759 INFO  o.a.c.core.ContainerBase.[Tomcat].[localhost].[/] - Initializing Spring embedded WebApplicationContext
08-17 11:53:18.760 INFO  org.springframework.web.context.ContextLoader - Root WebApplicationContext: initialization completed in 868 ms
08-17 11:53:18.897 INFO  o.s.scheduling.concurrent.ThreadPoolTaskExecutor - Initializing ExecutorService 'applicationTaskExecutor'
08-17 11:53:19.002 INFO  o.s.b.d.autoconfigure.OptionalLiveReloadServer - LiveReload server is running on port 35729
08-17 11:53:19.033 INFO  org.apache.coyote.http11.Http11NioProtocol - Starting ProtocolHandler ["http-nio-8088"]
08-17 11:53:19.053 INFO  o.s.boot.web.embedded.tomcat.TomcatWebServer - Tomcat started on port(s): 8088 (http) with context path ''
08-17 11:53:19.057 INFO  com.zhaouri.applelogin.DemoApplication - Started DemoApplication in 1.607 seconds (JVM running for 2.287)
08-17 11:53:21.687 INFO  o.a.c.core.ContainerBase.[Tomcat].[localhost].[/] - Initializing Spring DispatcherServlet 'dispatcherServlet'
08-17 11:53:21.688 INFO  org.springframework.web.servlet.DispatcherServlet - Initializing Servlet 'dispatcherServlet'
08-17 11:53:21.693 INFO  org.springframework.web.servlet.DispatcherServlet - Completed initialization in 5 ms
08-17 11:53:41.172 INFO  o.s.scheduling.concurrent.ThreadPoolTaskExecutor - Shutting down ExecutorService 'applicationTaskExecutor'
08-17 11:53:45.471 INFO  com.zhaouri.applelogin.DemoApplication - Starting DemoApplication on lifevcs-MacBook-Pro.local with PID 64809 (/Users/lifevc/Desktop/AppleLogin-java/applelogin/target/classes started by lifevc in /Users/lifevc/Desktop/AppleLogin-java/applelogin)
08-17 11:53:45.475 INFO  com.zhaouri.applelogin.DemoApplication - No active profile set, falling back to default profiles: default
08-17 11:53:45.532 INFO  o.s.boot.devtools.restart.ChangeableUrls - The Class-Path manifest attribute in /Users/lifevc/.m2/repository/com/sun/xml/bind/jaxb-impl/2.3.0/jaxb-impl-2.3.0.jar referenced one or more files that do not exist: file:/Users/lifevc/.m2/repository/com/sun/xml/bind/jaxb-impl/2.3.0/jaxb-core.jar
08-17 11:53:45.533 INFO  o.s.boot.devtools.restart.ChangeableUrls - The Class-Path manifest attribute in /Users/lifevc/.m2/repository/com/sun/xml/bind/jaxb-core/2.3.0/jaxb-core-2.3.0.jar referenced one or more files that do not exist: file:/Users/lifevc/.m2/repository/com/sun/xml/bind/jaxb-core/2.3.0/jaxb-api.jar
08-17 11:53:45.533 INFO  o.s.b.d.env.DevToolsPropertyDefaultsPostProcessor - Devtools property defaults active! Set 'spring.devtools.add-properties' to 'false' to disable
08-17 11:53:45.534 INFO  o.s.b.d.env.DevToolsPropertyDefaultsPostProcessor - For additional web related logging consider setting the 'logging.level.web' property to 'DEBUG'
08-17 11:53:46.374 INFO  o.s.boot.web.embedded.tomcat.TomcatWebServer - Tomcat initialized with port(s): 8088 (http)
08-17 11:53:46.380 INFO  org.apache.coyote.http11.Http11NioProtocol - Initializing ProtocolHandler ["http-nio-8088"]
08-17 11:53:46.381 INFO  org.apache.catalina.core.StandardService - Starting service [Tomcat]
08-17 11:53:46.381 INFO  org.apache.catalina.core.StandardEngine - Starting Servlet engine: [Apache Tomcat/9.0.27]
08-17 11:53:46.433 INFO  o.a.c.core.ContainerBase.[Tomcat].[localhost].[/] - Initializing Spring embedded WebApplicationContext
08-17 11:53:46.434 INFO  org.springframework.web.context.ContextLoader - Root WebApplicationContext: initialization completed in 900 ms
08-17 11:53:46.570 INFO  o.s.scheduling.concurrent.ThreadPoolTaskExecutor - Initializing ExecutorService 'applicationTaskExecutor'
08-17 11:53:46.675 INFO  o.s.b.d.autoconfigure.OptionalLiveReloadServer - LiveReload server is running on port 35729
08-17 11:53:46.706 INFO  org.apache.coyote.http11.Http11NioProtocol - Starting ProtocolHandler ["http-nio-8088"]
08-17 11:53:46.727 INFO  o.s.boot.web.embedded.tomcat.TomcatWebServer - Tomcat started on port(s): 8088 (http) with context path ''
08-17 11:53:46.730 INFO  com.zhaouri.applelogin.DemoApplication - Started DemoApplication in 1.748 seconds (JVM running for 2.498)
08-17 11:53:48.592 INFO  o.a.c.core.ContainerBase.[Tomcat].[localhost].[/] - Initializing Spring DispatcherServlet 'dispatcherServlet'
08-17 11:53:48.594 INFO  org.springframework.web.servlet.DispatcherServlet - Initializing Servlet 'dispatcherServlet'
08-17 11:53:48.599 INFO  org.springframework.web.servlet.DispatcherServlet - Completed initialization in 5 ms
08-17 11:58:54.286 INFO  o.s.scheduling.concurrent.ThreadPoolTaskExecutor - Shutting down ExecutorService 'applicationTaskExecutor'
08-17 11:58:58.625 INFO  com.zhaouri.applelogin.DemoApplication - Starting DemoApplication on lifevcs-MacBook-Pro.local with PID 64905 (/Users/lifevc/Desktop/AppleLogin-java/applelogin/target/classes started by lifevc in /Users/lifevc/Desktop/AppleLogin-java/applelogin)
08-17 11:58:58.627 INFO  com.zhaouri.applelogin.DemoApplication - No active profile set, falling back to default profiles: default
08-17 11:58:58.681 INFO  o.s.boot.devtools.restart.ChangeableUrls - The Class-Path manifest attribute in /Users/lifevc/.m2/repository/com/sun/xml/bind/jaxb-impl/2.3.0/jaxb-impl-2.3.0.jar referenced one or more files that do not exist: file:/Users/lifevc/.m2/repository/com/sun/xml/bind/jaxb-impl/2.3.0/jaxb-core.jar
08-17 11:58:58.681 INFO  o.s.boot.devtools.restart.ChangeableUrls - The Class-Path manifest attribute in /Users/lifevc/.m2/repository/com/sun/xml/bind/jaxb-core/2.3.0/jaxb-core-2.3.0.jar referenced one or more files that do not exist: file:/Users/lifevc/.m2/repository/com/sun/xml/bind/jaxb-core/2.3.0/jaxb-api.jar
08-17 11:58:58.682 INFO  o.s.b.d.env.DevToolsPropertyDefaultsPostProcessor - Devtools property defaults active! Set 'spring.devtools.add-properties' to 'false' to disable
08-17 11:58:58.682 INFO  o.s.b.d.env.DevToolsPropertyDefaultsPostProcessor - For additional web related logging consider setting the 'logging.level.web' property to 'DEBUG'
08-17 11:58:59.457 INFO  o.s.boot.web.embedded.tomcat.TomcatWebServer - Tomcat initialized with port(s): 8088 (http)
08-17 11:58:59.465 INFO  org.apache.coyote.http11.Http11NioProtocol - Initializing ProtocolHandler ["http-nio-8088"]
08-17 11:58:59.465 INFO  org.apache.catalina.core.StandardService - Starting service [Tomcat]
08-17 11:58:59.465 INFO  org.apache.catalina.core.StandardEngine - Starting Servlet engine: [Apache Tomcat/9.0.27]
08-17 11:58:59.527 INFO  o.a.c.core.ContainerBase.[Tomcat].[localhost].[/] - Initializing Spring embedded WebApplicationContext
08-17 11:58:59.528 INFO  org.springframework.web.context.ContextLoader - Root WebApplicationContext: initialization completed in 846 ms
08-17 11:58:59.673 INFO  o.s.scheduling.concurrent.ThreadPoolTaskExecutor - Initializing ExecutorService 'applicationTaskExecutor'
08-17 11:58:59.784 INFO  o.s.b.d.autoconfigure.OptionalLiveReloadServer - LiveReload server is running on port 35729
08-17 11:58:59.817 INFO  org.apache.coyote.http11.Http11NioProtocol - Starting ProtocolHandler ["http-nio-8088"]
08-17 11:58:59.838 INFO  o.s.boot.web.embedded.tomcat.TomcatWebServer - Tomcat started on port(s): 8088 (http) with context path ''
08-17 11:58:59.842 INFO  com.zhaouri.applelogin.DemoApplication - Started DemoApplication in 1.651 seconds (JVM running for 2.403)
08-17 11:59:08.369 INFO  o.a.c.core.ContainerBase.[Tomcat].[localhost].[/] - Initializing Spring DispatcherServlet 'dispatcherServlet'
08-17 11:59:08.372 INFO  org.springframework.web.servlet.DispatcherServlet - Initializing Servlet 'dispatcherServlet'
08-17 11:59:08.377 INFO  org.springframework.web.servlet.DispatcherServlet - Completed initialization in 5 ms
08-17 11:59:27.441 INFO  o.s.scheduling.concurrent.ThreadPoolTaskExecutor - Shutting down ExecutorService 'applicationTaskExecutor'
08-17 11:59:31.455 INFO  com.zhaouri.applelogin.DemoApplication - Starting DemoApplication on lifevcs-MacBook-Pro.local with PID 64925 (/Users/lifevc/Desktop/AppleLogin-java/applelogin/target/classes started by lifevc in /Users/lifevc/Desktop/AppleLogin-java/applelogin)
08-17 11:59:31.456 INFO  com.zhaouri.applelogin.DemoApplication - No active profile set, falling back to default profiles: default
08-17 11:59:31.520 INFO  o.s.boot.devtools.restart.ChangeableUrls - The Class-Path manifest attribute in /Users/lifevc/.m2/repository/com/sun/xml/bind/jaxb-impl/2.3.0/jaxb-impl-2.3.0.jar referenced one or more files that do not exist: file:/Users/lifevc/.m2/repository/com/sun/xml/bind/jaxb-impl/2.3.0/jaxb-core.jar
08-17 11:59:31.524 INFO  o.s.boot.devtools.restart.ChangeableUrls - The Class-Path manifest attribute in /Users/lifevc/.m2/repository/com/sun/xml/bind/jaxb-core/2.3.0/jaxb-core-2.3.0.jar referenced one or more files that do not exist: file:/Users/lifevc/.m2/repository/com/sun/xml/bind/jaxb-core/2.3.0/jaxb-api.jar
08-17 11:59:31.525 INFO  o.s.b.d.env.DevToolsPropertyDefaultsPostProcessor - Devtools property defaults active! Set 'spring.devtools.add-properties' to 'false' to disable
08-17 11:59:31.525 INFO  o.s.b.d.env.DevToolsPropertyDefaultsPostProcessor - For additional web related logging consider setting the 'logging.level.web' property to 'DEBUG'
08-17 11:59:32.359 INFO  o.s.boot.web.embedded.tomcat.TomcatWebServer - Tomcat initialized with port(s): 8088 (http)
08-17 11:59:32.369 INFO  org.apache.coyote.http11.Http11NioProtocol - Initializing ProtocolHandler ["http-nio-8088"]
08-17 11:59:32.370 INFO  org.apache.catalina.core.StandardService - Starting service [Tomcat]
08-17 11:59:32.370 INFO  org.apache.catalina.core.StandardEngine - Starting Servlet engine: [Apache Tomcat/9.0.27]
08-17 11:59:32.421 INFO  o.a.c.core.ContainerBase.[Tomcat].[localhost].[/] - Initializing Spring embedded WebApplicationContext
08-17 11:59:32.422 INFO  org.springframework.web.context.ContextLoader - Root WebApplicationContext: initialization completed in 897 ms
08-17 11:59:32.557 INFO  o.s.scheduling.concurrent.ThreadPoolTaskExecutor - Initializing ExecutorService 'applicationTaskExecutor'
08-17 11:59:32.668 INFO  o.s.b.d.autoconfigure.OptionalLiveReloadServer - LiveReload server is running on port 35729
08-17 11:59:32.699 INFO  org.apache.coyote.http11.Http11NioProtocol - Starting ProtocolHandler ["http-nio-8088"]
08-17 11:59:32.717 INFO  o.s.boot.web.embedded.tomcat.TomcatWebServer - Tomcat started on port(s): 8088 (http) with context path ''
08-17 11:59:32.720 INFO  com.zhaouri.applelogin.DemoApplication - Started DemoApplication in 1.687 seconds (JVM running for 2.404)
08-17 11:59:35.697 INFO  o.a.c.core.ContainerBase.[Tomcat].[localhost].[/] - Initializing Spring DispatcherServlet 'dispatcherServlet'
08-17 11:59:35.698 INFO  org.springframework.web.servlet.DispatcherServlet - Initializing Servlet 'dispatcherServlet'
08-17 11:59:35.705 INFO  org.springframework.web.servlet.DispatcherServlet - Completed initialization in 6 ms
08-17 12:00:03.093 INFO  o.s.scheduling.concurrent.ThreadPoolTaskExecutor - Shutting down ExecutorService 'applicationTaskExecutor'
08-17 12:00:06.166 INFO  com.zhaouri.applelogin.DemoApplication - Starting DemoApplication on lifevcs-MacBook-Pro.local with PID 64944 (/Users/lifevc/Desktop/AppleLogin-java/applelogin/target/classes started by lifevc in /Users/lifevc/Desktop/AppleLogin-java/applelogin)
08-17 12:00:06.167 INFO  com.zhaouri.applelogin.DemoApplication - No active profile set, falling back to default profiles: default
08-17 12:00:06.229 INFO  o.s.boot.devtools.restart.ChangeableUrls - The Class-Path manifest attribute in /Users/lifevc/.m2/repository/com/sun/xml/bind/jaxb-impl/2.3.0/jaxb-impl-2.3.0.jar referenced one or more files that do not exist: file:/Users/lifevc/.m2/repository/com/sun/xml/bind/jaxb-impl/2.3.0/jaxb-core.jar
08-17 12:00:06.229 INFO  o.s.boot.devtools.restart.ChangeableUrls - The Class-Path manifest attribute in /Users/lifevc/.m2/repository/com/sun/xml/bind/jaxb-core/2.3.0/jaxb-core-2.3.0.jar referenced one or more files that do not exist: file:/Users/lifevc/.m2/repository/com/sun/xml/bind/jaxb-core/2.3.0/jaxb-api.jar
08-17 12:00:06.230 INFO  o.s.b.d.env.DevToolsPropertyDefaultsPostProcessor - Devtools property defaults active! Set 'spring.devtools.add-properties' to 'false' to disable
08-17 12:00:06.230 INFO  o.s.b.d.env.DevToolsPropertyDefaultsPostProcessor - For additional web related logging consider setting the 'logging.level.web' property to 'DEBUG'
08-17 12:00:07.100 INFO  o.s.boot.web.embedded.tomcat.TomcatWebServer - Tomcat initialized with port(s): 8088 (http)
08-17 12:00:07.107 INFO  org.apache.coyote.http11.Http11NioProtocol - Initializing ProtocolHandler ["http-nio-8088"]
08-17 12:00:07.108 INFO  org.apache.catalina.core.StandardService - Starting service [Tomcat]
08-17 12:00:07.108 INFO  org.apache.catalina.core.StandardEngine - Starting Servlet engine: [Apache Tomcat/9.0.27]
08-17 12:00:07.163 INFO  o.a.c.core.ContainerBase.[Tomcat].[localhost].[/] - Initializing Spring embedded WebApplicationContext
08-17 12:00:07.163 INFO  org.springframework.web.context.ContextLoader - Root WebApplicationContext: initialization completed in 933 ms
08-17 12:00:07.309 INFO  o.s.scheduling.concurrent.ThreadPoolTaskExecutor - Initializing ExecutorService 'applicationTaskExecutor'
08-17 12:00:07.423 INFO  o.s.b.d.autoconfigure.OptionalLiveReloadServer - LiveReload server is running on port 35729
08-17 12:00:07.456 INFO  org.apache.coyote.http11.Http11NioProtocol - Starting ProtocolHandler ["http-nio-8088"]
08-17 12:00:07.481 INFO  o.s.boot.web.embedded.tomcat.TomcatWebServer - Tomcat started on port(s): 8088 (http) with context path ''
08-17 12:00:07.486 INFO  com.zhaouri.applelogin.DemoApplication - Started DemoApplication in 1.898 seconds (JVM running for 2.677)
08-17 12:00:12.759 INFO  o.a.c.core.ContainerBase.[Tomcat].[localhost].[/] - Initializing Spring DispatcherServlet 'dispatcherServlet'
08-17 12:00:12.760 INFO  org.springframework.web.servlet.DispatcherServlet - Initializing Servlet 'dispatcherServlet'
08-17 12:00:12.767 INFO  org.springframework.web.servlet.DispatcherServlet - Completed initialization in 7 ms
08-17 12:00:36.286 INFO  o.s.scheduling.concurrent.ThreadPoolTaskExecutor - Shutting down ExecutorService 'applicationTaskExecutor'
08-17 12:00:40.367 INFO  com.zhaouri.applelogin.DemoApplication - Starting DemoApplication on lifevcs-MacBook-Pro.local with PID 64963 (/Users/lifevc/Desktop/AppleLogin-java/applelogin/target/classes started by lifevc in /Users/lifevc/Desktop/AppleLogin-java/applelogin)
08-17 12:00:40.369 INFO  com.zhaouri.applelogin.DemoApplication - No active profile set, falling back to default profiles: default
08-17 12:00:40.422 INFO  o.s.boot.devtools.restart.ChangeableUrls - The Class-Path manifest attribute in /Users/lifevc/.m2/repository/com/sun/xml/bind/jaxb-impl/2.3.0/jaxb-impl-2.3.0.jar referenced one or more files that do not exist: file:/Users/lifevc/.m2/repository/com/sun/xml/bind/jaxb-impl/2.3.0/jaxb-core.jar
08-17 12:00:40.423 INFO  o.s.boot.devtools.restart.ChangeableUrls - The Class-Path manifest attribute in /Users/lifevc/.m2/repository/com/sun/xml/bind/jaxb-core/2.3.0/jaxb-core-2.3.0.jar referenced one or more files that do not exist: file:/Users/lifevc/.m2/repository/com/sun/xml/bind/jaxb-core/2.3.0/jaxb-api.jar
08-17 12:00:40.426 INFO  o.s.b.d.env.DevToolsPropertyDefaultsPostProcessor - Devtools property defaults active! Set 'spring.devtools.add-properties' to 'false' to disable
08-17 12:00:40.426 INFO  o.s.b.d.env.DevToolsPropertyDefaultsPostProcessor - For additional web related logging consider setting the 'logging.level.web' property to 'DEBUG'
08-17 12:00:41.222 INFO  o.s.boot.web.embedded.tomcat.TomcatWebServer - Tomcat initialized with port(s): 8088 (http)
08-17 12:00:41.229 INFO  org.apache.coyote.http11.Http11NioProtocol - Initializing ProtocolHandler ["http-nio-8088"]
08-17 12:00:41.229 INFO  org.apache.catalina.core.StandardService - Starting service [Tomcat]
08-17 12:00:41.229 INFO  org.apache.catalina.core.StandardEngine - Starting Servlet engine: [Apache Tomcat/9.0.27]
08-17 12:00:41.282 INFO  o.a.c.core.ContainerBase.[Tomcat].[localhost].[/] - Initializing Spring embedded WebApplicationContext
08-17 12:00:41.282 INFO  org.springframework.web.context.ContextLoader - Root WebApplicationContext: initialization completed in 856 ms
08-17 12:00:41.422 INFO  o.s.scheduling.concurrent.ThreadPoolTaskExecutor - Initializing ExecutorService 'applicationTaskExecutor'
08-17 12:00:41.534 INFO  o.s.b.d.autoconfigure.OptionalLiveReloadServer - LiveReload server is running on port 35729
08-17 12:00:41.567 INFO  org.apache.coyote.http11.Http11NioProtocol - Starting ProtocolHandler ["http-nio-8088"]
08-17 12:00:41.588 INFO  o.s.boot.web.embedded.tomcat.TomcatWebServer - Tomcat started on port(s): 8088 (http) with context path ''
08-17 12:00:41.593 INFO  com.zhaouri.applelogin.DemoApplication - Started DemoApplication in 1.659 seconds (JVM running for 2.317)
08-17 12:00:46.360 INFO  o.a.c.core.ContainerBase.[Tomcat].[localhost].[/] - Initializing Spring DispatcherServlet 'dispatcherServlet'
08-17 12:00:46.361 INFO  org.springframework.web.servlet.DispatcherServlet - Initializing Servlet 'dispatcherServlet'
08-17 12:00:46.367 INFO  org.springframework.web.servlet.DispatcherServlet - Completed initialization in 6 ms
