08-14 09:50:14.115 WARN  o.s.b.w.s.c.AnnotationConfigServletWebServerApplicationContext - Exception encountered during context initialization - cancelling refresh attempt: org.springframework.beans.factory.BeanCreationException: Error creating bean with name 'requestMappingHandlerMapping' defined in class path resource [org/springframework/boot/autoconfigure/web/servlet/WebMvcAutoConfiguration$EnableWebMvcConfiguration.class]: Invocation of init method failed; nested exception is java.lang.IllegalStateException: Ambiguous mapping. Cannot map 'basicErrorController' method 
org.springframework.boot.autoconfigure.web.servlet.error.BasicErrorController#error(HttpServletRequest)
to { /error}: There is already 'homeController' bean method
com.zhaouri.applelogin.controller.HomeController#Error() mapped.
08-14 09:51:29.681 WARN  o.s.b.w.s.c.AnnotationConfigServletWebServerApplicationContext - Exception encountered during context initialization - cancelling refresh attempt: org.springframework.beans.factory.BeanCreationException: Error creating bean with name 'requestMappingHandlerMapping' defined in class path resource [org/springframework/boot/autoconfigure/web/servlet/WebMvcAutoConfiguration$EnableWebMvcConfiguration.class]: Invocation of init method failed; nested exception is java.lang.IllegalStateException: Ambiguous mapping. Cannot map 'basicErrorController' method 
org.springframework.boot.autoconfigure.web.servlet.error.BasicErrorController#error(HttpServletRequest)
to { /error}: There is already 'homeController' bean method
com.zhaouri.applelogin.controller.HomeController#Error() mapped.
08-14 09:52:00.173 WARN  o.s.b.w.s.c.AnnotationConfigServletWebServerApplicationContext - Exception encountered during context initialization - cancelling refresh attempt: org.springframework.beans.factory.BeanCreationException: Error creating bean with name 'requestMappingHandlerMapping' defined in class path resource [org/springframework/boot/autoconfigure/web/servlet/WebMvcAutoConfiguration$EnableWebMvcConfiguration.class]: Invocation of init method failed; nested exception is java.lang.IllegalStateException: Ambiguous mapping. Cannot map 'basicErrorController' method 
org.springframework.boot.autoconfigure.web.servlet.error.BasicErrorController#error(HttpServletRequest)
to { /error}: There is already 'homeController' bean method
com.zhaouri.applelogin.controller.HomeController#Error() mapped.
08-14 09:52:29.130 WARN  o.s.b.w.s.c.AnnotationConfigServletWebServerApplicationContext - Exception encountered during context initialization - cancelling refresh attempt: org.springframework.beans.factory.BeanCreationException: Error creating bean with name 'requestMappingHandlerMapping' defined in class path resource [org/springframework/boot/autoconfigure/web/servlet/WebMvcAutoConfiguration$EnableWebMvcConfiguration.class]: Invocation of init method failed; nested exception is java.lang.IllegalStateException: Ambiguous mapping. Cannot map 'basicErrorController' method 
org.springframework.boot.autoconfigure.web.servlet.error.BasicErrorController#error(HttpServletRequest)
to { /error}: There is already 'homeController' bean method
com.zhaouri.applelogin.controller.HomeController#errors() mapped.
08-14 09:53:11.814 WARN  o.s.b.w.s.c.AnnotationConfigServletWebServerApplicationContext - Exception encountered during context initialization - cancelling refresh attempt: org.springframework.beans.factory.BeanCreationException: Error creating bean with name 'requestMappingHandlerMapping' defined in class path resource [org/springframework/boot/autoconfigure/web/servlet/WebMvcAutoConfiguration$EnableWebMvcConfiguration.class]: Invocation of init method failed; nested exception is java.lang.IllegalStateException: Ambiguous mapping. Cannot map 'basicErrorController' method 
org.springframework.boot.autoconfigure.web.servlet.error.BasicErrorController#error(HttpServletRequest)
to { /error}: There is already 'homeController' bean method
com.zhaouri.applelogin.controller.HomeController#err() mapped.
08-14 09:54:18.871 WARN  o.s.b.w.s.c.AnnotationConfigServletWebServerApplicationContext - Exception encountered during context initialization - cancelling refresh attempt: org.springframework.beans.factory.BeanCreationException: Error creating bean with name 'requestMappingHandlerMapping' defined in class path resource [org/springframework/boot/autoconfigure/web/servlet/WebMvcAutoConfiguration$EnableWebMvcConfiguration.class]: Invocation of init method failed; nested exception is java.lang.IllegalStateException: Ambiguous mapping. Cannot map 'basicErrorController' method 
org.springframework.boot.autoconfigure.web.servlet.error.BasicErrorController#error(HttpServletRequest)
to { /error}: There is already 'homeController' bean method
com.zhaouri.applelogin.controller.HomeController#err() mapped.
08-14 10:03:13.403 WARN  o.s.w.s.m.support.DefaultHandlerExceptionResolver - Resolved [org.springframework.web.bind.MissingServletRequestParameterException: Required String parameter 'jwt' is not present]
08-14 10:09:54.576 WARN  o.s.w.s.m.support.DefaultHandlerExceptionResolver - Resolved [org.springframework.web.bind.MissingServletRequestParameterException: Required String parameter 'jwt' is not present]
08-14 10:10:10.390 WARN  o.s.w.s.m.support.DefaultHandlerExceptionResolver - Resolved [org.springframework.web.bind.MissingServletRequestParameterException: Required String parameter 'aud' is not present]
08-14 10:10:47.012 WARN  o.s.w.s.m.support.DefaultHandlerExceptionResolver - Resolved [org.springframework.web.bind.MissingServletRequestParameterException: Required String parameter 'aud' is not present]
08-14 10:12:04.650 WARN  o.s.w.s.m.support.DefaultHandlerExceptionResolver - Resolved [org.springframework.web.bind.MissingServletRequestParameterException: Required String parameter 'aud' is not present]
08-14 10:52:12.632 WARN  org.apache.tomcat.util.modeler.Registry - The MBean registry cannot be disabled because it has already been initialised
08-14 10:52:20.478 WARN  org.apache.tomcat.util.modeler.Registry - The MBean registry cannot be disabled because it has already been initialised
08-14 11:34:41.799 WARN  org.apache.tomcat.util.modeler.Registry - The MBean registry cannot be disabled because it has already been initialised
